<?xml version="1.0" encoding="UTF-8" ?>
<testsuite failures="0" time="0.026" errors="0" skipped="0" tests="1" name="com.foodoon.gooda.AppTest">
  <properties>
    <property name="java.runtime.name" value="Java(TM) SE Runtime Environment"/>
    <property name="sun.boot.library.path" value="C:\Java\jdk1.6.0_45\jre\bin"/>
    <property name="java.vm.version" value="20.45-b01"/>
    <property name="java.vm.vendor" value="Sun Microsystems Inc."/>
    <property name="java.vendor.url" value="http://java.sun.com/"/>
    <property name="path.separator" value=";"/>
    <property name="java.vm.name" value="Java HotSpot(TM) 64-Bit Server VM"/>
    <property name="file.encoding.pkg" value="sun.io"/>
    <property name="user.country" value="CN"/>
    <property name="sun.java.launcher" value="SUN_STANDARD"/>
    <property name="sun.os.patch.level" value="Service Pack 1"/>
    <property name="java.vm.specification.name" value="Java Virtual Machine Specification"/>
    <property name="user.dir" value="D:\mycodevvv\guda\gooda"/>
    <property name="java.runtime.version" value="1.6.0_45-b06"/>
    <property name="java.awt.graphicsenv" value="sun.awt.Win32GraphicsEnvironment"/>
    <property name="basedir" value="D:\mycodevvv\guda\gooda"/>
    <property name="java.endorsed.dirs" value="C:\Java\jdk1.6.0_45\jre\lib\endorsed"/>
    <property name="os.arch" value="amd64"/>
    <property name="surefire.real.class.path" value="C:\Users\well\AppData\Local\Temp\surefirebooter5188427501435875048.jar"/>
    <property name="java.io.tmpdir" value="C:\Users\well\AppData\Local\Temp\"/>
    <property name="line.separator" value="
"/>
    <property name="java.vm.specification.vendor" value="Sun Microsystems Inc."/>
    <property name="user.variant" value=""/>
    <property name="os.name" value="Windows 7"/>
    <property name="sun.jnu.encoding" value="GBK"/>
    <property name="java.library.path" value="C:\Java\jdk1.6.0_45\jre\bin;C:\Windows\Sun\Java\bin;C:\Windows\system32;C:\Windows;C:\Program Files (x86)\Intel\iCLS Client\;C:\Program Files\Intel\iCLS Client\;C:\Program Files (x86)\NVIDIA Corporation\PhysX\Common;C:\Windows\system32;C:\Windows;C:\Windows\System32\Wbem;C:\Windows\System32\WindowsPowerShell\v1.0\;C:\Program Files\ThinkPad\Bluetooth Software\;C:\Program Files\ThinkPad\Bluetooth Software\syswow64;C:\Java\jdk1.6.0_45\bin;C:\Program Files\TortoiseSVN\bin;C:\apache-maven-2.2.1\bin;C:\mysql-5.6.17-winx64\bin;C:\Program Files\Intel\Intel(R) Management Engine Components\DAL;C:\Program Files\Intel\Intel(R) Management Engine Components\IPT;C:\Program Files (x86)\Intel\Intel(R) Management Engine Components\DAL;C:\Program Files (x86)\Intel\Intel(R) Management Engine Components\IPT;."/>
    <property name="surefire.test.class.path" value="D:\mycodevvv\guda\gooda\target\test-classes;D:\mycodevvv\guda\gooda\target\classes;C:\Users\well\.m2\repository\org\springframework\spring-context\3.1.1.RELEASE\spring-context-3.1.1.RELEASE.jar;C:\Users\well\.m2\repository\org\springframework\spring-aop\3.1.1.RELEASE\spring-aop-3.1.1.RELEASE.jar;C:\Users\well\.m2\repository\aopalliance\aopalliance\1.0\aopalliance-1.0.jar;C:\Users\well\.m2\repository\org\springframework\spring-asm\3.1.1.RELEASE\spring-asm-3.1.1.RELEASE.jar;C:\Users\well\.m2\repository\org\springframework\spring-beans\3.1.1.RELEASE\spring-beans-3.1.1.RELEASE.jar;C:\Users\well\.m2\repository\org\springframework\spring-core\3.1.1.RELEASE\spring-core-3.1.1.RELEASE.jar;C:\Users\well\.m2\repository\org\springframework\spring-expression\3.1.1.RELEASE\spring-expression-3.1.1.RELEASE.jar;C:\Users\well\.m2\repository\org\springframework\spring-webmvc\3.1.1.RELEASE\spring-webmvc-3.1.1.RELEASE.jar;C:\Users\well\.m2\repository\org\springframework\spring-context-support\3.1.1.RELEASE\spring-context-support-3.1.1.RELEASE.jar;C:\Users\well\.m2\repository\org\springframework\spring-web\3.1.1.RELEASE\spring-web-3.1.1.RELEASE.jar;C:\Users\well\.m2\repository\org\springframework\spring-tx\3.1.1.RELEASE\spring-tx-3.1.1.RELEASE.jar;C:\Users\well\.m2\repository\mysql\mysql-connector-java\5.1.9\mysql-connector-java-5.1.9.jar;C:\Users\well\.m2\repository\org\mybatis\mybatis\3.2.7\mybatis-3.2.7.jar;C:\Users\well\.m2\repository\org\mybatis\mybatis-spring\1.2.2\mybatis-spring-1.2.2.jar;C:\Users\well\.m2\repository\com\mchange\c3p0\0.9.2.1\c3p0-0.9.2.1.jar;C:\Users\well\.m2\repository\com\mchange\mchange-commons-java\0.2.3.4\mchange-commons-java-0.2.3.4.jar;C:\Users\well\.m2\repository\org\springframework\spring-jdbc\3.1.1.RELEASE\spring-jdbc-3.1.1.RELEASE.jar;C:\Users\well\.m2\repository\org\slf4j\slf4j-api\1.6.1\slf4j-api-1.6.1.jar;C:\Users\well\.m2\repository\org\slf4j\jcl-over-slf4j\1.6.1\jcl-over-slf4j-1.6.1.jar;C:\Users\well\.m2\repository\org\slf4j\slf4j-log4j12\1.6.1\slf4j-log4j12-1.6.1.jar;C:\Users\well\.m2\repository\log4j\log4j\1.2.16\log4j-1.2.16.jar;C:\Users\well\.m2\repository\javax\validation\validation-api\1.0.0.GA\validation-api-1.0.0.GA.jar;C:\Users\well\.m2\repository\org\hibernate\hibernate-validator\4.1.0.Final\hibernate-validator-4.1.0.Final.jar;C:\Users\well\.m2\repository\com\alibaba\fastjson\1.1.36\fastjson-1.1.36.jar;C:\Users\well\.m2\repository\commons-fileupload\commons-fileupload\1.3.1\commons-fileupload-1.3.1.jar;C:\Users\well\.m2\repository\commons-io\commons-io\2.1\commons-io-2.1.jar;C:\Users\well\.m2\repository\com\alibaba\druid\1.0.4\druid-1.0.4.jar;C:\Users\well\.m2\repository\javax\servlet\servlet-api\2.5\servlet-api-2.5.jar;C:\Users\well\.m2\repository\javax\servlet\jsp\jsp-api\2.1\jsp-api-2.1.jar;C:\Users\well\.m2\repository\javax\servlet\jstl\1.2\jstl-1.2.jar;C:\Users\well\.m2\repository\commons-collections\commons-collections\3.1\commons-collections-3.1.jar;C:\Users\well\.m2\repository\commons-lang\commons-lang\2.6\commons-lang-2.6.jar;C:\Users\well\.m2\repository\oro\oro\2.0.8\oro-2.0.8.jar;C:\Users\well\.m2\repository\org\mybatis\generator\mybatis-generator-core\1.3.2\mybatis-generator-core-1.3.2.jar;C:\Users\well\.m2\repository\junit\junit\4.7\junit-4.7.jar;C:\Users\well\.m2\repository\jetty\jetty\6.1.26\jetty-6.1.26.jar;C:\Users\well\.m2\repository\jetty\jetty-util\6.1.26\jetty-util-6.1.26.jar;C:\Users\well\.m2\repository\jetty\servlet-api\2.5-6.0.2\servlet-api-2.5-6.0.2.jar;C:\Users\well\.m2\repository\org\apache\velocity\velocity-tools\2.0\velocity-tools-2.0.jar;C:\Users\well\.m2\repository\commons-beanutils\commons-beanutils\1.7.0\commons-beanutils-1.7.0.jar;C:\Users\well\.m2\repository\commons-logging\commons-logging\1.1\commons-logging-1.1.jar;C:\Users\well\.m2\repository\commons-digester\commons-digester\1.8\commons-digester-1.8.jar;C:\Users\well\.m2\repository\commons-chain\commons-chain\1.1\commons-chain-1.1.jar;C:\Users\well\.m2\repository\commons-validator\commons-validator\1.3.1\commons-validator-1.3.1.jar;C:\Users\well\.m2\repository\dom4j\dom4j\1.1\dom4j-1.1.jar;C:\Users\well\.m2\repository\sslext\sslext\1.2-0\sslext-1.2-0.jar;C:\Users\well\.m2\repository\org\apache\struts\struts-core\1.3.8\struts-core-1.3.8.jar;C:\Users\well\.m2\repository\antlr\antlr\2.7.2\antlr-2.7.2.jar;C:\Users\well\.m2\repository\org\apache\struts\struts-taglib\1.3.8\struts-taglib-1.3.8.jar;C:\Users\well\.m2\repository\org\apache\struts\struts-tiles\1.3.8\struts-tiles-1.3.8.jar;C:\Users\well\.m2\repository\org\apache\velocity\velocity\1.6.2\velocity-1.6.2.jar;"/>
    <property name="java.specification.name" value="Java Platform API Specification"/>
    <property name="java.class.version" value="50.0"/>
    <property name="sun.management.compiler" value="HotSpot 64-Bit Tiered Compilers"/>
    <property name="os.version" value="6.1"/>
    <property name="user.home" value="C:\Users\well"/>
    <property name="user.timezone" value=""/>
    <property name="java.awt.printerjob" value="sun.awt.windows.WPrinterJob"/>
    <property name="java.specification.version" value="1.6"/>
    <property name="file.encoding" value="GBK"/>
    <property name="user.name" value="well"/>
    <property name="java.class.path" value="D:\mycodevvv\guda\gooda\target\test-classes;D:\mycodevvv\guda\gooda\target\classes;C:\Users\well\.m2\repository\org\springframework\spring-context\3.1.1.RELEASE\spring-context-3.1.1.RELEASE.jar;C:\Users\well\.m2\repository\org\springframework\spring-aop\3.1.1.RELEASE\spring-aop-3.1.1.RELEASE.jar;C:\Users\well\.m2\repository\aopalliance\aopalliance\1.0\aopalliance-1.0.jar;C:\Users\well\.m2\repository\org\springframework\spring-asm\3.1.1.RELEASE\spring-asm-3.1.1.RELEASE.jar;C:\Users\well\.m2\repository\org\springframework\spring-beans\3.1.1.RELEASE\spring-beans-3.1.1.RELEASE.jar;C:\Users\well\.m2\repository\org\springframework\spring-core\3.1.1.RELEASE\spring-core-3.1.1.RELEASE.jar;C:\Users\well\.m2\repository\org\springframework\spring-expression\3.1.1.RELEASE\spring-expression-3.1.1.RELEASE.jar;C:\Users\well\.m2\repository\org\springframework\spring-webmvc\3.1.1.RELEASE\spring-webmvc-3.1.1.RELEASE.jar;C:\Users\well\.m2\repository\org\springframework\spring-context-support\3.1.1.RELEASE\spring-context-support-3.1.1.RELEASE.jar;C:\Users\well\.m2\repository\org\springframework\spring-web\3.1.1.RELEASE\spring-web-3.1.1.RELEASE.jar;C:\Users\well\.m2\repository\org\springframework\spring-tx\3.1.1.RELEASE\spring-tx-3.1.1.RELEASE.jar;C:\Users\well\.m2\repository\mysql\mysql-connector-java\5.1.9\mysql-connector-java-5.1.9.jar;C:\Users\well\.m2\repository\org\mybatis\mybatis\3.2.7\mybatis-3.2.7.jar;C:\Users\well\.m2\repository\org\mybatis\mybatis-spring\1.2.2\mybatis-spring-1.2.2.jar;C:\Users\well\.m2\repository\com\mchange\c3p0\0.9.2.1\c3p0-0.9.2.1.jar;C:\Users\well\.m2\repository\com\mchange\mchange-commons-java\0.2.3.4\mchange-commons-java-0.2.3.4.jar;C:\Users\well\.m2\repository\org\springframework\spring-jdbc\3.1.1.RELEASE\spring-jdbc-3.1.1.RELEASE.jar;C:\Users\well\.m2\repository\org\slf4j\slf4j-api\1.6.1\slf4j-api-1.6.1.jar;C:\Users\well\.m2\repository\org\slf4j\jcl-over-slf4j\1.6.1\jcl-over-slf4j-1.6.1.jar;C:\Users\well\.m2\repository\org\slf4j\slf4j-log4j12\1.6.1\slf4j-log4j12-1.6.1.jar;C:\Users\well\.m2\repository\log4j\log4j\1.2.16\log4j-1.2.16.jar;C:\Users\well\.m2\repository\javax\validation\validation-api\1.0.0.GA\validation-api-1.0.0.GA.jar;C:\Users\well\.m2\repository\org\hibernate\hibernate-validator\4.1.0.Final\hibernate-validator-4.1.0.Final.jar;C:\Users\well\.m2\repository\com\alibaba\fastjson\1.1.36\fastjson-1.1.36.jar;C:\Users\well\.m2\repository\commons-fileupload\commons-fileupload\1.3.1\commons-fileupload-1.3.1.jar;C:\Users\well\.m2\repository\commons-io\commons-io\2.1\commons-io-2.1.jar;C:\Users\well\.m2\repository\com\alibaba\druid\1.0.4\druid-1.0.4.jar;C:\Users\well\.m2\repository\javax\servlet\servlet-api\2.5\servlet-api-2.5.jar;C:\Users\well\.m2\repository\javax\servlet\jsp\jsp-api\2.1\jsp-api-2.1.jar;C:\Users\well\.m2\repository\javax\servlet\jstl\1.2\jstl-1.2.jar;C:\Users\well\.m2\repository\commons-collections\commons-collections\3.1\commons-collections-3.1.jar;C:\Users\well\.m2\repository\commons-lang\commons-lang\2.6\commons-lang-2.6.jar;C:\Users\well\.m2\repository\oro\oro\2.0.8\oro-2.0.8.jar;C:\Users\well\.m2\repository\org\mybatis\generator\mybatis-generator-core\1.3.2\mybatis-generator-core-1.3.2.jar;C:\Users\well\.m2\repository\junit\junit\4.7\junit-4.7.jar;C:\Users\well\.m2\repository\jetty\jetty\6.1.26\jetty-6.1.26.jar;C:\Users\well\.m2\repository\jetty\jetty-util\6.1.26\jetty-util-6.1.26.jar;C:\Users\well\.m2\repository\jetty\servlet-api\2.5-6.0.2\servlet-api-2.5-6.0.2.jar;C:\Users\well\.m2\repository\org\apache\velocity\velocity-tools\2.0\velocity-tools-2.0.jar;C:\Users\well\.m2\repository\commons-beanutils\commons-beanutils\1.7.0\commons-beanutils-1.7.0.jar;C:\Users\well\.m2\repository\commons-logging\commons-logging\1.1\commons-logging-1.1.jar;C:\Users\well\.m2\repository\commons-digester\commons-digester\1.8\commons-digester-1.8.jar;C:\Users\well\.m2\repository\commons-chain\commons-chain\1.1\commons-chain-1.1.jar;C:\Users\well\.m2\repository\commons-validator\commons-validator\1.3.1\commons-validator-1.3.1.jar;C:\Users\well\.m2\repository\dom4j\dom4j\1.1\dom4j-1.1.jar;C:\Users\well\.m2\repository\sslext\sslext\1.2-0\sslext-1.2-0.jar;C:\Users\well\.m2\repository\org\apache\struts\struts-core\1.3.8\struts-core-1.3.8.jar;C:\Users\well\.m2\repository\antlr\antlr\2.7.2\antlr-2.7.2.jar;C:\Users\well\.m2\repository\org\apache\struts\struts-taglib\1.3.8\struts-taglib-1.3.8.jar;C:\Users\well\.m2\repository\org\apache\struts\struts-tiles\1.3.8\struts-tiles-1.3.8.jar;C:\Users\well\.m2\repository\org\apache\velocity\velocity\1.6.2\velocity-1.6.2.jar;"/>
    <property name="java.vm.specification.version" value="1.0"/>
    <property name="sun.arch.data.model" value="64"/>
    <property name="java.home" value="C:\Java\jdk1.6.0_45\jre"/>
    <property name="sun.java.command" value="C:\Users\well\AppData\Local\Temp\surefirebooter5188427501435875048.jar C:\Users\well\AppData\Local\Temp\surefire706704327172494310tmp C:\Users\well\AppData\Local\Temp\surefire5542739711911335271tmp"/>
    <property name="java.specification.vendor" value="Sun Microsystems Inc."/>
    <property name="user.language" value="zh"/>
    <property name="awt.toolkit" value="sun.awt.windows.WToolkit"/>
    <property name="java.vm.info" value="mixed mode"/>
    <property name="java.version" value="1.6.0_45"/>
    <property name="java.ext.dirs" value="C:\Java\jdk1.6.0_45\jre\lib\ext;C:\Windows\Sun\Java\lib\ext"/>
    <property name="sun.boot.class.path" value="C:\Java\jdk1.6.0_45\jre\lib\resources.jar;C:\Java\jdk1.6.0_45\jre\lib\rt.jar;C:\Java\jdk1.6.0_45\jre\lib\sunrsasign.jar;C:\Java\jdk1.6.0_45\jre\lib\jsse.jar;C:\Java\jdk1.6.0_45\jre\lib\jce.jar;C:\Java\jdk1.6.0_45\jre\lib\charsets.jar;C:\Java\jdk1.6.0_45\jre\lib\modules\jdk.boot.jar;C:\Java\jdk1.6.0_45\jre\classes"/>
    <property name="java.vendor" value="Sun Microsystems Inc."/>
    <property name="localRepository" value="C:\Users\well\.m2\repository"/>
    <property name="file.separator" value="\"/>
    <property name="java.vendor.url.bug" value="http://java.sun.com/cgi-bin/bugreport.cgi"/>
    <property name="sun.cpu.endian" value="little"/>
    <property name="sun.io.unicode.encoding" value="UnicodeLittle"/>
    <property name="sun.desktop" value="windows"/>
    <property name="sun.cpu.isalist" value="amd64"/>
  </properties>
  <testcase time="0.002" classname="com.foodoon.gooda.AppTest" name="testApp"/>
</testsuite>