<?xml version="1.0" encoding="UTF-8" ?>
<testsuite failures="0" time="0.036" errors="0" skipped="0" tests="1" name="com.foodoon.gooda.AppTest">
  <properties>
    <property name="java.runtime.name" value="Java(TM) SE Runtime Environment"/>
    <property name="sun.boot.library.path" value="D:\Java\jdk1.6.0_45\jre\bin"/>
    <property name="java.vm.version" value="20.45-b01"/>
    <property name="java.vm.vendor" value="Sun Microsystems Inc."/>
    <property name="java.vendor.url" value="http://java.sun.com/"/>
    <property name="path.separator" value=";"/>
    <property name="java.vm.name" value="Java HotSpot(TM) 64-Bit Server VM"/>
    <property name="file.encoding.pkg" value="sun.io"/>
    <property name="user.country" value="CN"/>
    <property name="sun.java.launcher" value="SUN_STANDARD"/>
    <property name="sun.os.patch.level" value="Service Pack 1"/>
    <property name="java.vm.specification.name" value="Java Virtual Machine Specification"/>
    <property name="user.dir" value="D:\guda\guda\gooda"/>
    <property name="java.runtime.version" value="1.6.0_45-b06"/>
    <property name="java.awt.graphicsenv" value="sun.awt.Win32GraphicsEnvironment"/>
    <property name="basedir" value="D:\guda\guda\gooda"/>
    <property name="java.endorsed.dirs" value="D:\Java\jdk1.6.0_45\jre\lib\endorsed"/>
    <property name="os.arch" value="amd64"/>
    <property name="surefire.real.class.path" value="C:\Users\ADMINI~1\AppData\Local\Temp\surefirebooter2882752792326441176.jar"/>
    <property name="java.io.tmpdir" value="C:\Users\ADMINI~1\AppData\Local\Temp\"/>
    <property name="line.separator" value="
"/>
    <property name="java.vm.specification.vendor" value="Sun Microsystems Inc."/>
    <property name="user.variant" value=""/>
    <property name="os.name" value="Windows 7"/>
    <property name="sun.jnu.encoding" value="GBK"/>
    <property name="java.library.path" value="D:\Java\jdk1.6.0_45\jre\bin;C:\windows\Sun\Java\bin;C:\windows\system32;C:\windows;E:\app\Administrator\product\11.2.0\dbhome_1\bin;C:\windows\system32;C:\windows;C:\windows\System32\Wbem;C:\windows\System32\WindowsPowerShell\v1.0\;C:\Program Files (x86)\Intel\OpenCL SDK\3.0\bin\x86;C:\Program Files (x86)\Intel\OpenCL SDK\3.0\bin\x64;C:\Program Files\TortoiseSVN\bin;D:\Java\jdk1.6.0_45\bin;D:\Java\jdk1.6.0_45\jre\bin;D:\apache-maven-2.2.1\bin;e:\mysql-5.6.17-winx64\bin;.;;."/>
    <property name="surefire.test.class.path" value="D:\guda\guda\gooda\target\test-classes;D:\guda\guda\gooda\target\classes;e:\repo\org\springframework\spring-context\3.1.1.RELEASE\spring-context-3.1.1.RELEASE.jar;e:\repo\org\springframework\spring-aop\3.1.1.RELEASE\spring-aop-3.1.1.RELEASE.jar;e:\repo\aopalliance\aopalliance\1.0\aopalliance-1.0.jar;e:\repo\org\springframework\spring-asm\3.1.1.RELEASE\spring-asm-3.1.1.RELEASE.jar;e:\repo\org\springframework\spring-beans\3.1.1.RELEASE\spring-beans-3.1.1.RELEASE.jar;e:\repo\org\springframework\spring-core\3.1.1.RELEASE\spring-core-3.1.1.RELEASE.jar;e:\repo\org\springframework\spring-expression\3.1.1.RELEASE\spring-expression-3.1.1.RELEASE.jar;e:\repo\org\springframework\spring-webmvc\3.1.1.RELEASE\spring-webmvc-3.1.1.RELEASE.jar;e:\repo\org\springframework\spring-context-support\3.1.1.RELEASE\spring-context-support-3.1.1.RELEASE.jar;e:\repo\org\springframework\spring-web\3.1.1.RELEASE\spring-web-3.1.1.RELEASE.jar;e:\repo\org\springframework\spring-tx\3.1.1.RELEASE\spring-tx-3.1.1.RELEASE.jar;e:\repo\mysql\mysql-connector-java\5.1.9\mysql-connector-java-5.1.9.jar;e:\repo\org\mybatis\mybatis\3.2.7\mybatis-3.2.7.jar;e:\repo\org\mybatis\mybatis-spring\1.2.2\mybatis-spring-1.2.2.jar;e:\repo\com\mchange\c3p0\0.9.2.1\c3p0-0.9.2.1.jar;e:\repo\com\mchange\mchange-commons-java\0.2.3.4\mchange-commons-java-0.2.3.4.jar;e:\repo\org\springframework\spring-jdbc\3.1.1.RELEASE\spring-jdbc-3.1.1.RELEASE.jar;e:\repo\org\slf4j\slf4j-api\1.6.1\slf4j-api-1.6.1.jar;e:\repo\org\slf4j\jcl-over-slf4j\1.6.1\jcl-over-slf4j-1.6.1.jar;e:\repo\org\slf4j\slf4j-log4j12\1.6.1\slf4j-log4j12-1.6.1.jar;e:\repo\log4j\log4j\1.2.16\log4j-1.2.16.jar;e:\repo\javax\validation\validation-api\1.0.0.GA\validation-api-1.0.0.GA.jar;e:\repo\org\hibernate\hibernate-validator\4.1.0.Final\hibernate-validator-4.1.0.Final.jar;e:\repo\com\alibaba\fastjson\1.1.36\fastjson-1.1.36.jar;e:\repo\commons-fileupload\commons-fileupload\1.3.1\commons-fileupload-1.3.1.jar;e:\repo\commons-io\commons-io\2.1\commons-io-2.1.jar;e:\repo\com\alibaba\druid\1.0.4\druid-1.0.4.jar;e:\repo\javax\servlet\servlet-api\2.5\servlet-api-2.5.jar;e:\repo\javax\servlet\jsp\jsp-api\2.1\jsp-api-2.1.jar;e:\repo\javax\servlet\jstl\1.2\jstl-1.2.jar;e:\repo\commons-collections\commons-collections\3.1\commons-collections-3.1.jar;e:\repo\commons-lang\commons-lang\2.6\commons-lang-2.6.jar;e:\repo\oro\oro\2.0.8\oro-2.0.8.jar;e:\repo\org\mybatis\generator\mybatis-generator-core\1.3.2\mybatis-generator-core-1.3.2.jar;e:\repo\junit\junit\4.7\junit-4.7.jar;e:\repo\jetty\jetty\6.1.26\jetty-6.1.26.jar;e:\repo\jetty\jetty-util\6.1.26\jetty-util-6.1.26.jar;e:\repo\jetty\servlet-api\2.5-6.0.2\servlet-api-2.5-6.0.2.jar;e:\repo\org\apache\velocity\velocity-tools\2.0\velocity-tools-2.0.jar;e:\repo\commons-beanutils\commons-beanutils\1.7.0\commons-beanutils-1.7.0.jar;e:\repo\commons-logging\commons-logging\1.1\commons-logging-1.1.jar;e:\repo\commons-digester\commons-digester\1.8\commons-digester-1.8.jar;e:\repo\commons-chain\commons-chain\1.1\commons-chain-1.1.jar;e:\repo\commons-validator\commons-validator\1.3.1\commons-validator-1.3.1.jar;e:\repo\dom4j\dom4j\1.1\dom4j-1.1.jar;e:\repo\sslext\sslext\1.2-0\sslext-1.2-0.jar;e:\repo\org\apache\struts\struts-core\1.3.8\struts-core-1.3.8.jar;e:\repo\antlr\antlr\2.7.2\antlr-2.7.2.jar;e:\repo\org\apache\struts\struts-taglib\1.3.8\struts-taglib-1.3.8.jar;e:\repo\org\apache\struts\struts-tiles\1.3.8\struts-tiles-1.3.8.jar;e:\repo\org\apache\velocity\velocity\1.6.2\velocity-1.6.2.jar;"/>
    <property name="java.specification.name" value="Java Platform API Specification"/>
    <property name="java.class.version" value="50.0"/>
    <property name="sun.management.compiler" value="HotSpot 64-Bit Tiered Compilers"/>
    <property name="os.version" value="6.1"/>
    <property name="user.home" value="C:\Users\Administrator"/>
    <property name="user.timezone" value=""/>
    <property name="java.awt.printerjob" value="sun.awt.windows.WPrinterJob"/>
    <property name="java.specification.version" value="1.6"/>
    <property name="file.encoding" value="GBK"/>
    <property name="user.name" value="Administrator"/>
    <property name="java.class.path" value="D:\guda\guda\gooda\target\test-classes;D:\guda\guda\gooda\target\classes;e:\repo\org\springframework\spring-context\3.1.1.RELEASE\spring-context-3.1.1.RELEASE.jar;e:\repo\org\springframework\spring-aop\3.1.1.RELEASE\spring-aop-3.1.1.RELEASE.jar;e:\repo\aopalliance\aopalliance\1.0\aopalliance-1.0.jar;e:\repo\org\springframework\spring-asm\3.1.1.RELEASE\spring-asm-3.1.1.RELEASE.jar;e:\repo\org\springframework\spring-beans\3.1.1.RELEASE\spring-beans-3.1.1.RELEASE.jar;e:\repo\org\springframework\spring-core\3.1.1.RELEASE\spring-core-3.1.1.RELEASE.jar;e:\repo\org\springframework\spring-expression\3.1.1.RELEASE\spring-expression-3.1.1.RELEASE.jar;e:\repo\org\springframework\spring-webmvc\3.1.1.RELEASE\spring-webmvc-3.1.1.RELEASE.jar;e:\repo\org\springframework\spring-context-support\3.1.1.RELEASE\spring-context-support-3.1.1.RELEASE.jar;e:\repo\org\springframework\spring-web\3.1.1.RELEASE\spring-web-3.1.1.RELEASE.jar;e:\repo\org\springframework\spring-tx\3.1.1.RELEASE\spring-tx-3.1.1.RELEASE.jar;e:\repo\mysql\mysql-connector-java\5.1.9\mysql-connector-java-5.1.9.jar;e:\repo\org\mybatis\mybatis\3.2.7\mybatis-3.2.7.jar;e:\repo\org\mybatis\mybatis-spring\1.2.2\mybatis-spring-1.2.2.jar;e:\repo\com\mchange\c3p0\0.9.2.1\c3p0-0.9.2.1.jar;e:\repo\com\mchange\mchange-commons-java\0.2.3.4\mchange-commons-java-0.2.3.4.jar;e:\repo\org\springframework\spring-jdbc\3.1.1.RELEASE\spring-jdbc-3.1.1.RELEASE.jar;e:\repo\org\slf4j\slf4j-api\1.6.1\slf4j-api-1.6.1.jar;e:\repo\org\slf4j\jcl-over-slf4j\1.6.1\jcl-over-slf4j-1.6.1.jar;e:\repo\org\slf4j\slf4j-log4j12\1.6.1\slf4j-log4j12-1.6.1.jar;e:\repo\log4j\log4j\1.2.16\log4j-1.2.16.jar;e:\repo\javax\validation\validation-api\1.0.0.GA\validation-api-1.0.0.GA.jar;e:\repo\org\hibernate\hibernate-validator\4.1.0.Final\hibernate-validator-4.1.0.Final.jar;e:\repo\com\alibaba\fastjson\1.1.36\fastjson-1.1.36.jar;e:\repo\commons-fileupload\commons-fileupload\1.3.1\commons-fileupload-1.3.1.jar;e:\repo\commons-io\commons-io\2.1\commons-io-2.1.jar;e:\repo\com\alibaba\druid\1.0.4\druid-1.0.4.jar;e:\repo\javax\servlet\servlet-api\2.5\servlet-api-2.5.jar;e:\repo\javax\servlet\jsp\jsp-api\2.1\jsp-api-2.1.jar;e:\repo\javax\servlet\jstl\1.2\jstl-1.2.jar;e:\repo\commons-collections\commons-collections\3.1\commons-collections-3.1.jar;e:\repo\commons-lang\commons-lang\2.6\commons-lang-2.6.jar;e:\repo\oro\oro\2.0.8\oro-2.0.8.jar;e:\repo\org\mybatis\generator\mybatis-generator-core\1.3.2\mybatis-generator-core-1.3.2.jar;e:\repo\junit\junit\4.7\junit-4.7.jar;e:\repo\jetty\jetty\6.1.26\jetty-6.1.26.jar;e:\repo\jetty\jetty-util\6.1.26\jetty-util-6.1.26.jar;e:\repo\jetty\servlet-api\2.5-6.0.2\servlet-api-2.5-6.0.2.jar;e:\repo\org\apache\velocity\velocity-tools\2.0\velocity-tools-2.0.jar;e:\repo\commons-beanutils\commons-beanutils\1.7.0\commons-beanutils-1.7.0.jar;e:\repo\commons-logging\commons-logging\1.1\commons-logging-1.1.jar;e:\repo\commons-digester\commons-digester\1.8\commons-digester-1.8.jar;e:\repo\commons-chain\commons-chain\1.1\commons-chain-1.1.jar;e:\repo\commons-validator\commons-validator\1.3.1\commons-validator-1.3.1.jar;e:\repo\dom4j\dom4j\1.1\dom4j-1.1.jar;e:\repo\sslext\sslext\1.2-0\sslext-1.2-0.jar;e:\repo\org\apache\struts\struts-core\1.3.8\struts-core-1.3.8.jar;e:\repo\antlr\antlr\2.7.2\antlr-2.7.2.jar;e:\repo\org\apache\struts\struts-taglib\1.3.8\struts-taglib-1.3.8.jar;e:\repo\org\apache\struts\struts-tiles\1.3.8\struts-tiles-1.3.8.jar;e:\repo\org\apache\velocity\velocity\1.6.2\velocity-1.6.2.jar;"/>
    <property name="java.vm.specification.version" value="1.0"/>
    <property name="sun.arch.data.model" value="64"/>
    <property name="java.home" value="D:\Java\jdk1.6.0_45\jre"/>
    <property name="sun.java.command" value="C:\Users\ADMINI~1\AppData\Local\Temp\surefirebooter2882752792326441176.jar C:\Users\ADMINI~1\AppData\Local\Temp\surefire1951725362301985455tmp C:\Users\ADMINI~1\AppData\Local\Temp\surefire327225992909047819tmp"/>
    <property name="java.specification.vendor" value="Sun Microsystems Inc."/>
    <property name="user.language" value="zh"/>
    <property name="awt.toolkit" value="sun.awt.windows.WToolkit"/>
    <property name="java.vm.info" value="mixed mode"/>
    <property name="java.version" value="1.6.0_45"/>
    <property name="java.ext.dirs" value="D:\Java\jdk1.6.0_45\jre\lib\ext;C:\windows\Sun\Java\lib\ext"/>
    <property name="sun.boot.class.path" value="D:\Java\jdk1.6.0_45\jre\lib\resources.jar;D:\Java\jdk1.6.0_45\jre\lib\rt.jar;D:\Java\jdk1.6.0_45\jre\lib\sunrsasign.jar;D:\Java\jdk1.6.0_45\jre\lib\jsse.jar;D:\Java\jdk1.6.0_45\jre\lib\jce.jar;D:\Java\jdk1.6.0_45\jre\lib\charsets.jar;D:\Java\jdk1.6.0_45\jre\lib\modules\jdk.boot.jar;D:\Java\jdk1.6.0_45\jre\classes"/>
    <property name="java.vendor" value="Sun Microsystems Inc."/>
    <property name="localRepository" value="e:/repo"/>
    <property name="file.separator" value="\"/>
    <property name="java.vendor.url.bug" value="http://java.sun.com/cgi-bin/bugreport.cgi"/>
    <property name="sun.cpu.endian" value="little"/>
    <property name="sun.io.unicode.encoding" value="UnicodeLittle"/>
    <property name="sun.desktop" value="windows"/>
    <property name="sun.cpu.isalist" value="amd64"/>
  </properties>
  <testcase time="0.003" classname="com.foodoon.gooda.AppTest" name="testApp"/>
</testsuite>